[2024-04-27 13:51:34] local.ERROR: Failed to authenticate on SMTP server with username "francechonthicha@gmail.com" using 3 possible authenticators. Authenticator LOGIN returned Expected response code 235 but got code "534", with message "534-5.7.9 Please log in with your web browser and then try again. For more
534-5.7.9 information, go to
534 5.7.9  https://support.google.com/mail/?p=WebLoginRequired r18-20020aa79892000000b006ed0c9751d0sm16253051pfl.98 - gsmtp
". Authenticator PLAIN returned Expected response code 235 but got code "534", with message "534-5.7.9 Please log in with your web browser and then try again. For more
534-5.7.9 information, go to
534 5.7.9  https://support.google.com/mail/?p=WebLoginRequired r18-20020aa79892000000b006ed0c9751d0sm16253051pfl.98 - gsmtp
". Authenticator XOAUTH2 returned Expected response code 250 but got code "535", with message "535-5.7.8 Username and Password not accepted. For more information, go to
535 5.7.8  https://support.google.com/mail/?p=BadCredentials r18-20020aa79892000000b006ed0c9751d0sm16253051pfl.98 - gsmtp
". {"exception":"[object] (Swift_TransportException(code: 0): Failed to authenticate on SMTP server with username \"francechonthicha@gmail.com\" using 3 possible authenticators. Authenticator LOGIN returned Expected response code 235 but got code \"534\", with message \"534-5.7.9 Please log in with your web browser and then try again. For more

534-5.7.9 information, go to

534 5.7.9  https://support.google.com/mail/?p=WebLoginRequired r18-20020aa79892000000b006ed0c9751d0sm16253051pfl.98 - gsmtp

\". Authenticator PLAIN returned Expected response code 235 but got code \"534\", with message \"534-5.7.9 Please log in with your web browser and then try again. For more

534-5.7.9 information, go to

534 5.7.9  https://support.google.com/mail/?p=WebLoginRequired r18-20020aa79892000000b006ed0c9751d0sm16253051pfl.98 - gsmtp

\". Authenticator XOAUTH2 returned Expected response code 250 but got code \"535\", with message \"535-5.7.8 Username and Password not accepted. For more information, go to

535 5.7.8  https://support.google.com/mail/?p=BadCredentials r18-20020aa79892000000b006ed0c9751d0sm16253051pfl.98 - gsmtp

\". at /var/www/vhosts/bjbrothers.com/uat.bjbrothers.com/vendor/swiftmailer/swiftmailer/lib/classes/Swift/Transport/Esmtp/AuthHandler.php:191)
[stacktrace]
#0 /var/www/vhosts/bjbrothers.com/uat.bjbrothers.com/vendor/swiftmailer/swiftmailer/lib/classes/Swift/Transport/EsmtpTransport.php(371): Swift_Transport_Esmtp_AuthHandler->afterEhlo()
#1 /var/www/vhosts/bjbrothers.com/uat.bjbrothers.com/vendor/swiftmailer/swiftmailer/lib/classes/Swift/Transport/AbstractSmtpTransport.php(148): Swift_Transport_EsmtpTransport->doHeloCommand()
#2 /var/www/vhosts/bjbrothers.com/uat.bjbrothers.com/vendor/swiftmailer/swiftmailer/lib/classes/Swift/Mailer.php(65): Swift_Transport_AbstractSmtpTransport->start()
#3 /var/www/vhosts/bjbrothers.com/uat.bjbrothers.com/vendor/laravel/framework/src/Illuminate/Mail/Mailer.php(521): Swift_Mailer->send()
#4 /var/www/vhosts/bjbrothers.com/uat.bjbrothers.com/vendor/laravel/framework/src/Illuminate/Mail/Mailer.php(288): Illuminate\\Mail\\Mailer->sendSwiftMessage()
#5 /var/www/vhosts/bjbrothers.com/uat.bjbrothers.com/vendor/laravel/framework/src/Illuminate/Mail/MailManager.php(466): Illuminate\\Mail\\Mailer->send()
#6 /var/www/vhosts/bjbrothers.com/uat.bjbrothers.com/vendor/laravel/framework/src/Illuminate/Support/Facades/Facade.php(261): Illuminate\\Mail\\MailManager->__call()
#7 /var/www/vhosts/bjbrothers.com/uat.bjbrothers.com/app/Http/Controllers/Web/QuotationController.php(418): Illuminate\\Support\\Facades\\Facade::__callStatic()
#8 /var/www/vhosts/bjbrothers.com/uat.bjbrothers.com/vendor/laravel/framework/src/Illuminate/Routing/Controller.php(54): App\\Http\\Controllers\\Web\\QuotationController->insert()
#9 /var/www/vhosts/bjbrothers.com/uat.bjbrothers.com/vendor/laravel/framework/src/Illuminate/Routing/ControllerDispatcher.php(45): Illuminate\\Routing\\Controller->callAction()
#10 /var/www/vhosts/bjbrothers.com/uat.bjbrothers.com/vendor/laravel/framework/src/Illuminate/Routing/Route.php(239): Illuminate\\Routing\\ControllerDispatcher->dispatch()
#11 /var/www/vhosts/bjbrothers.com/uat.bjbrothers.com/vendor/laravel/framework/src/Illuminate/Routing/Route.php(196): Illuminate\\Routing\\Route->runController()
#12 /var/www/vhosts/bjbrothers.com/uat.bjbrothers.com/vendor/laravel/framework/src/Illuminate/Routing/Router.php(685): Illuminate\\Routing\\Route->run()
#13 /var/www/vhosts/bjbrothers.com/uat.bjbrothers.com/vendor/laravel/framework/src/Illuminate/Pipeline/Pipeline.php(128): Illuminate\\Routing\\Router->Illuminate\\Routing\\{closure}()
#14 /var/www/vhosts/bjbrothers.com/uat.bjbrothers.com/app/Http/Middleware/Member.php(20): Illuminate\\Pipeline\\Pipeline->Illuminate\\Pipeline\\{closure}()
#15 /var/www/vhosts/bjbrothers.com/uat.bjbrothers.com/vendor/laravel/framework/src/Illuminate/Pipeline/Pipeline.php(167): App\\Http\\Middleware\\Member->handle()
#16 /var/www/vhosts/bjbrothers.com/uat.bjbrothers.com/vendor/laravel/framework/src/Illuminate/Routing/Middleware/SubstituteBindings.php(41): Illuminate\\Pipeline\\Pipeline->Illuminate\\Pipeline\\{closure}()
#17 /var/www/vhosts/bjbrothers.com/uat.bjbrothers.com/vendor/laravel/framework/src/Illuminate/Pipeline/Pipeline.php(167): Illuminate\\Routing\\Middleware\\SubstituteBindings->handle()
#18 /var/www/vhosts/bjbrothers.com/uat.bjbrothers.com/vendor/laravel/framework/src/Illuminate/Foundation/Http/Middleware/VerifyCsrfToken.php(78): Illuminate\\Pipeline\\Pipeline->Illuminate\\Pipeline\\{closure}()
#19 /var/www/vhosts/bjbrothers.com/uat.bjbrothers.com/vendor/laravel/framework/src/Illuminate/Pipeline/Pipeline.php(167): Illuminate\\Foundation\\Http\\Middleware\\VerifyCsrfToken->handle()
#20 /var/www/vhosts/bjbrothers.com/uat.bjbrothers.com/vendor/laravel/framework/src/Illuminate/View/Middleware/ShareErrorsFromSession.php(49): Illuminate\\Pipeline\\Pipeline->Illuminate\\Pipeline\\{closure}()
#21 /var/www/vhosts/bjbrothers.com/uat.bjbrothers.com/vendor/laravel/framework/src/Illuminate/Pipeline/Pipeline.php(167): Illuminate\\View\\Middleware\\ShareErrorsFromSession->handle()
#22 /var/www/vhosts/bjbrothers.com/uat.bjbrothers.com/vendor/laravel/framework/src/Illuminate/Session/Middleware/StartSession.php(116): Illuminate\\Pipeline\\Pipeline->Illuminate\\Pipeline\\{closure}()
#23 /var/www/vhosts/bjbrothers.com/uat.bjbrothers.com/vendor/laravel/framework/src/Illuminate/Session/Middleware/StartSession.php(62): Illuminate\\Session\\Middleware\\StartSession->handleStatefulRequest()
#24 /var/www/vhosts/bjbrothers.com/uat.bjbrothers.com/vendor/laravel/framework/src/Illuminate/Pipeline/Pipeline.php(167): Illuminate\\Session\\Middleware\\StartSession->handle()
#25 /var/www/vhosts/bjbrothers.com/uat.bjbrothers.com/vendor/laravel/framework/src/Illuminate/Cookie/Middleware/AddQueuedCookiesToResponse.php(37): Illuminate\\Pipeline\\Pipeline->Illuminate\\Pipeline\\{closure}()
#26 /var/www/vhosts/bjbrothers.com/uat.bjbrothers.com/vendor/laravel/framework/src/Illuminate/Pipeline/Pipeline.php(167): Illuminate\\Cookie\\Middleware\\AddQueuedCookiesToResponse->handle()
#27 /var/www/vhosts/bjbrothers.com/uat.bjbrothers.com/vendor/laravel/framework/src/Illuminate/Cookie/Middleware/EncryptCookies.php(67): Illuminate\\Pipeline\\Pipeline->Illuminate\\Pipeline\\{closure}()
#28 /var/www/vhosts/bjbrothers.com/uat.bjbrothers.com/vendor/laravel/framework/src/Illuminate/Pipeline/Pipeline.php(167): Illuminate\\Cookie\\Middleware\\EncryptCookies->handle()
#29 /var/www/vhosts/bjbrothers.com/uat.bjbrothers.com/vendor/laravel/framework/src/Illuminate/Pipeline/Pipeline.php(103): Illuminate\\Pipeline\\Pipeline->Illuminate\\Pipeline\\{closure}()
#30 /var/www/vhosts/bjbrothers.com/uat.bjbrothers.com/vendor/laravel/framework/src/Illuminate/Routing/Router.php(687): Illuminate\\Pipeline\\Pipeline->then()
#31 /var/www/vhosts/bjbrothers.com/uat.bjbrothers.com/vendor/laravel/framework/src/Illuminate/Routing/Router.php(662): Illuminate\\Routing\\Router->runRouteWithinStack()
#32 /var/www/vhosts/bjbrothers.com/uat.bjbrothers.com/vendor/laravel/framework/src/Illuminate/Routing/Router.php(628): Illuminate\\Routing\\Router->runRoute()
#33 /var/www/vhosts/bjbrothers.com/uat.bjbrothers.com/vendor/laravel/framework/src/Illuminate/Routing/Router.php(617): Illuminate\\Routing\\Router->dispatchToRoute()
#34 /var/www/vhosts/bjbrothers.com/uat.bjbrothers.com/vendor/laravel/framework/src/Illuminate/Foundation/Http/Kernel.php(165): Illuminate\\Routing\\Router->dispatch()
#35 /var/www/vhosts/bjbrothers.com/uat.bjbrothers.com/vendor/laravel/framework/src/Illuminate/Pipeline/Pipeline.php(128): Illuminate\\Foundation\\Http\\Kernel->Illuminate\\Foundation\\Http\\{closure}()
#36 /var/www/vhosts/bjbrothers.com/uat.bjbrothers.com/vendor/laravel/framework/src/Illuminate/Foundation/Http/Middleware/TransformsRequest.php(21): Illuminate\\Pipeline\\Pipeline->Illuminate\\Pipeline\\{closure}()
#37 /var/www/vhosts/bjbrothers.com/uat.bjbrothers.com/vendor/laravel/framework/src/Illuminate/Pipeline/Pipeline.php(167): Illuminate\\Foundation\\Http\\Middleware\\TransformsRequest->handle()
#38 /var/www/vhosts/bjbrothers.com/uat.bjbrothers.com/vendor/laravel/framework/src/Illuminate/Foundation/Http/Middleware/TransformsRequest.php(21): Illuminate\\Pipeline\\Pipeline->Illuminate\\Pipeline\\{closure}()
#39 /var/www/vhosts/bjbrothers.com/uat.bjbrothers.com/vendor/laravel/framework/src/Illuminate/Pipeline/Pipeline.php(167): Illuminate\\Foundation\\Http\\Middleware\\TransformsRequest->handle()
#40 /var/www/vhosts/bjbrothers.com/uat.bjbrothers.com/vendor/laravel/framework/src/Illuminate/Foundation/Http/Middleware/ValidatePostSize.php(27): Illuminate\\Pipeline\\Pipeline->Illuminate\\Pipeline\\{closure}()
#41 /var/www/vhosts/bjbrothers.com/uat.bjbrothers.com/vendor/laravel/framework/src/Illuminate/Pipeline/Pipeline.php(167): Illuminate\\Foundation\\Http\\Middleware\\ValidatePostSize->handle()
#42 /var/www/vhosts/bjbrothers.com/uat.bjbrothers.com/vendor/laravel/framework/src/Illuminate/Foundation/Http/Middleware/CheckForMaintenanceMode.php(63): Illuminate\\Pipeline\\Pipeline->Illuminate\\Pipeline\\{closure}()
#43 /var/www/vhosts/bjbrothers.com/uat.bjbrothers.com/vendor/laravel/framework/src/Illuminate/Pipeline/Pipeline.php(167): Illuminate\\Foundation\\Http\\Middleware\\CheckForMaintenanceMode->handle()
#44 /var/www/vhosts/bjbrothers.com/uat.bjbrothers.com/vendor/fruitcake/laravel-cors/src/HandleCors.php(38): Illuminate\\Pipeline\\Pipeline->Illuminate\\Pipeline\\{closure}()
#45 /var/www/vhosts/bjbrothers.com/uat.bjbrothers.com/vendor/laravel/framework/src/Illuminate/Pipeline/Pipeline.php(167): Fruitcake\\Cors\\HandleCors->handle()
#46 /var/www/vhosts/bjbrothers.com/uat.bjbrothers.com/vendor/fideloper/proxy/src/TrustProxies.php(57): Illuminate\\Pipeline\\Pipeline->Illuminate\\Pipeline\\{closure}()
#47 /var/www/vhosts/bjbrothers.com/uat.bjbrothers.com/vendor/laravel/framework/src/Illuminate/Pipeline/Pipeline.php(167): Fideloper\\Proxy\\TrustProxies->handle()
#48 /var/www/vhosts/bjbrothers.com/uat.bjbrothers.com/vendor/laravel/framework/src/Illuminate/Pipeline/Pipeline.php(103): Illuminate\\Pipeline\\Pipeline->Illuminate\\Pipeline\\{closure}()
#49 /var/www/vhosts/bjbrothers.com/uat.bjbrothers.com/vendor/laravel/framework/src/Illuminate/Foundation/Http/Kernel.php(140): Illuminate\\Pipeline\\Pipeline->then()
#50 /var/www/vhosts/bjbrothers.com/uat.bjbrothers.com/vendor/laravel/framework/src/Illuminate/Foundation/Http/Kernel.php(109): Illuminate\\Foundation\\Http\\Kernel->sendRequestThroughRouter()
#51 /var/www/vhosts/bjbrothers.com/uat.bjbrothers.com/index.php(52): Illuminate\\Foundation\\Http\\Kernel->handle()
#52 {main}
"} 
[2024-04-27 13:54:38] local.ERROR: Failed to authenticate on SMTP server with username "francechonthicha@gmail.com" using 3 possible authenticators. Authenticator LOGIN returned Expected response code 235 but got code "534", with message "534-5.7.9 Please log in with your web browser and then try again. For more
534-5.7.9 information, go to
534 5.7.9  https://support.google.com/mail/?p=WebLoginRequired x9-20020a170902a38900b001eb0dd08d96sm2209834pla.57 - gsmtp
". Authenticator PLAIN returned Expected response code 235 but got code "534", with message "534-5.7.9 Please log in with your web browser and then try again. For more
534-5.7.9 information, go to
534 5.7.9  https://support.google.com/mail/?p=WebLoginRequired x9-20020a170902a38900b001eb0dd08d96sm2209834pla.57 - gsmtp
". Authenticator XOAUTH2 returned Expected response code 250 but got code "535", with message "535-5.7.8 Username and Password not accepted. For more information, go to
535 5.7.8  https://support.google.com/mail/?p=BadCredentials x9-20020a170902a38900b001eb0dd08d96sm2209834pla.57 - gsmtp
". {"exception":"[object] (Swift_TransportException(code: 0): Failed to authenticate on SMTP server with username \"francechonthicha@gmail.com\" using 3 possible authenticators. Authenticator LOGIN returned Expected response code 235 but got code \"534\", with message \"534-5.7.9 Please log in with your web browser and then try again. For more

534-5.7.9 information, go to

534 5.7.9  https://support.google.com/mail/?p=WebLoginRequired x9-20020a170902a38900b001eb0dd08d96sm2209834pla.57 - gsmtp

\". Authenticator PLAIN returned Expected response code 235 but got code \"534\", with message \"534-5.7.9 Please log in with your web browser and then try again. For more

534-5.7.9 information, go to

534 5.7.9  https://support.google.com/mail/?p=WebLoginRequired x9-20020a170902a38900b001eb0dd08d96sm2209834pla.57 - gsmtp

\". Authenticator XOAUTH2 returned Expected response code 250 but got code \"535\", with message \"535-5.7.8 Username and Password not accepted. For more information, go to

535 5.7.8  https://support.google.com/mail/?p=BadCredentials x9-20020a170902a38900b001eb0dd08d96sm2209834pla.57 - gsmtp

\". at /var/www/vhosts/bjbrothers.com/uat.bjbrothers.com/vendor/swiftmailer/swiftmailer/lib/classes/Swift/Transport/Esmtp/AuthHandler.php:191)
[stacktrace]
#0 /var/www/vhosts/bjbrothers.com/uat.bjbrothers.com/vendor/swiftmailer/swiftmailer/lib/classes/Swift/Transport/EsmtpTransport.php(371): Swift_Transport_Esmtp_AuthHandler->afterEhlo()
#1 /var/www/vhosts/bjbrothers.com/uat.bjbrothers.com/vendor/swiftmailer/swiftmailer/lib/classes/Swift/Transport/AbstractSmtpTransport.php(148): Swift_Transport_EsmtpTransport->doHeloCommand()
#2 /var/www/vhosts/bjbrothers.com/uat.bjbrothers.com/vendor/swiftmailer/swiftmailer/lib/classes/Swift/Mailer.php(65): Swift_Transport_AbstractSmtpTransport->start()
#3 /var/www/vhosts/bjbrothers.com/uat.bjbrothers.com/vendor/laravel/framework/src/Illuminate/Mail/Mailer.php(521): Swift_Mailer->send()
#4 /var/www/vhosts/bjbrothers.com/uat.bjbrothers.com/vendor/laravel/framework/src/Illuminate/Mail/Mailer.php(288): Illuminate\\Mail\\Mailer->sendSwiftMessage()
#5 /var/www/vhosts/bjbrothers.com/uat.bjbrothers.com/vendor/laravel/framework/src/Illuminate/Mail/MailManager.php(466): Illuminate\\Mail\\Mailer->send()
#6 /var/www/vhosts/bjbrothers.com/uat.bjbrothers.com/vendor/laravel/framework/src/Illuminate/Support/Facades/Facade.php(261): Illuminate\\Mail\\MailManager->__call()
#7 /var/www/vhosts/bjbrothers.com/uat.bjbrothers.com/app/Http/Controllers/Web/QuotationController.php(418): Illuminate\\Support\\Facades\\Facade::__callStatic()
#8 /var/www/vhosts/bjbrothers.com/uat.bjbrothers.com/vendor/laravel/framework/src/Illuminate/Routing/Controller.php(54): App\\Http\\Controllers\\Web\\QuotationController->insert()
#9 /var/www/vhosts/bjbrothers.com/uat.bjbrothers.com/vendor/laravel/framework/src/Illuminate/Routing/ControllerDispatcher.php(45): Illuminate\\Routing\\Controller->callAction()
#10 /var/www/vhosts/bjbrothers.com/uat.bjbrothers.com/vendor/laravel/framework/src/Illuminate/Routing/Route.php(239): Illuminate\\Routing\\ControllerDispatcher->dispatch()
#11 /var/www/vhosts/bjbrothers.com/uat.bjbrothers.com/vendor/laravel/framework/src/Illuminate/Routing/Route.php(196): Illuminate\\Routing\\Route->runController()
#12 /var/www/vhosts/bjbrothers.com/uat.bjbrothers.com/vendor/laravel/framework/src/Illuminate/Routing/Router.php(685): Illuminate\\Routing\\Route->run()
#13 /var/www/vhosts/bjbrothers.com/uat.bjbrothers.com/vendor/laravel/framework/src/Illuminate/Pipeline/Pipeline.php(128): Illuminate\\Routing\\Router->Illuminate\\Routing\\{closure}()
#14 /var/www/vhosts/bjbrothers.com/uat.bjbrothers.com/app/Http/Middleware/Member.php(20): Illuminate\\Pipeline\\Pipeline->Illuminate\\Pipeline\\{closure}()
#15 /var/www/vhosts/bjbrothers.com/uat.bjbrothers.com/vendor/laravel/framework/src/Illuminate/Pipeline/Pipeline.php(167): App\\Http\\Middleware\\Member->handle()
#16 /var/www/vhosts/bjbrothers.com/uat.bjbrothers.com/vendor/laravel/framework/src/Illuminate/Routing/Middleware/SubstituteBindings.php(41): Illuminate\\Pipeline\\Pipeline->Illuminate\\Pipeline\\{closure}()
#17 /var/www/vhosts/bjbrothers.com/uat.bjbrothers.com/vendor/laravel/framework/src/Illuminate/Pipeline/Pipeline.php(167): Illuminate\\Routing\\Middleware\\SubstituteBindings->handle()
#18 /var/www/vhosts/bjbrothers.com/uat.bjbrothers.com/vendor/laravel/framework/src/Illuminate/Foundation/Http/Middleware/VerifyCsrfToken.php(78): Illuminate\\Pipeline\\Pipeline->Illuminate\\Pipeline\\{closure}()
#19 /var/www/vhosts/bjbrothers.com/uat.bjbrothers.com/vendor/laravel/framework/src/Illuminate/Pipeline/Pipeline.php(167): Illuminate\\Foundation\\Http\\Middleware\\VerifyCsrfToken->handle()
#20 /var/www/vhosts/bjbrothers.com/uat.bjbrothers.com/vendor/laravel/framework/src/Illuminate/View/Middleware/ShareErrorsFromSession.php(49): Illuminate\\Pipeline\\Pipeline->Illuminate\\Pipeline\\{closure}()
#21 /var/www/vhosts/bjbrothers.com/uat.bjbrothers.com/vendor/laravel/framework/src/Illuminate/Pipeline/Pipeline.php(167): Illuminate\\View\\Middleware\\ShareErrorsFromSession->handle()
#22 /var/www/vhosts/bjbrothers.com/uat.bjbrothers.com/vendor/laravel/framework/src/Illuminate/Session/Middleware/StartSession.php(116): Illuminate\\Pipeline\\Pipeline->Illuminate\\Pipeline\\{closure}()
#23 /var/www/vhosts/bjbrothers.com/uat.bjbrothers.com/vendor/laravel/framework/src/Illuminate/Session/Middleware/StartSession.php(62): Illuminate\\Session\\Middleware\\StartSession->handleStatefulRequest()
#24 /var/www/vhosts/bjbrothers.com/uat.bjbrothers.com/vendor/laravel/framework/src/Illuminate/Pipeline/Pipeline.php(167): Illuminate\\Session\\Middleware\\StartSession->handle()
#25 /var/www/vhosts/bjbrothers.com/uat.bjbrothers.com/vendor/laravel/framework/src/Illuminate/Cookie/Middleware/AddQueuedCookiesToResponse.php(37): Illuminate\\Pipeline\\Pipeline->Illuminate\\Pipeline\\{closure}()
#26 /var/www/vhosts/bjbrothers.com/uat.bjbrothers.com/vendor/laravel/framework/src/Illuminate/Pipeline/Pipeline.php(167): Illuminate\\Cookie\\Middleware\\AddQueuedCookiesToResponse->handle()
#27 /var/www/vhosts/bjbrothers.com/uat.bjbrothers.com/vendor/laravel/framework/src/Illuminate/Cookie/Middleware/EncryptCookies.php(67): Illuminate\\Pipeline\\Pipeline->Illuminate\\Pipeline\\{closure}()
#28 /var/www/vhosts/bjbrothers.com/uat.bjbrothers.com/vendor/laravel/framework/src/Illuminate/Pipeline/Pipeline.php(167): Illuminate\\Cookie\\Middleware\\EncryptCookies->handle()
#29 /var/www/vhosts/bjbrothers.com/uat.bjbrothers.com/vendor/laravel/framework/src/Illuminate/Pipeline/Pipeline.php(103): Illuminate\\Pipeline\\Pipeline->Illuminate\\Pipeline\\{closure}()
#30 /var/www/vhosts/bjbrothers.com/uat.bjbrothers.com/vendor/laravel/framework/src/Illuminate/Routing/Router.php(687): Illuminate\\Pipeline\\Pipeline->then()
#31 /var/www/vhosts/bjbrothers.com/uat.bjbrothers.com/vendor/laravel/framework/src/Illuminate/Routing/Router.php(662): Illuminate\\Routing\\Router->runRouteWithinStack()
#32 /var/www/vhosts/bjbrothers.com/uat.bjbrothers.com/vendor/laravel/framework/src/Illuminate/Routing/Router.php(628): Illuminate\\Routing\\Router->runRoute()
#33 /var/www/vhosts/bjbrothers.com/uat.bjbrothers.com/vendor/laravel/framework/src/Illuminate/Routing/Router.php(617): Illuminate\\Routing\\Router->dispatchToRoute()
#34 /var/www/vhosts/bjbrothers.com/uat.bjbrothers.com/vendor/laravel/framework/src/Illuminate/Foundation/Http/Kernel.php(165): Illuminate\\Routing\\Router->dispatch()
#35 /var/www/vhosts/bjbrothers.com/uat.bjbrothers.com/vendor/laravel/framework/src/Illuminate/Pipeline/Pipeline.php(128): Illuminate\\Foundation\\Http\\Kernel->Illuminate\\Foundation\\Http\\{closure}()
#36 /var/www/vhosts/bjbrothers.com/uat.bjbrothers.com/vendor/laravel/framework/src/Illuminate/Foundation/Http/Middleware/TransformsRequest.php(21): Illuminate\\Pipeline\\Pipeline->Illuminate\\Pipeline\\{closure}()
#37 /var/www/vhosts/bjbrothers.com/uat.bjbrothers.com/vendor/laravel/framework/src/Illuminate/Pipeline/Pipeline.php(167): Illuminate\\Foundation\\Http\\Middleware\\TransformsRequest->handle()
#38 /var/www/vhosts/bjbrothers.com/uat.bjbrothers.com/vendor/laravel/framework/src/Illuminate/Foundation/Http/Middleware/TransformsRequest.php(21): Illuminate\\Pipeline\\Pipeline->Illuminate\\Pipeline\\{closure}()
#39 /var/www/vhosts/bjbrothers.com/uat.bjbrothers.com/vendor/laravel/framework/src/Illuminate/Pipeline/Pipeline.php(167): Illuminate\\Foundation\\Http\\Middleware\\TransformsRequest->handle()
#40 /var/www/vhosts/bjbrothers.com/uat.bjbrothers.com/vendor/laravel/framework/src/Illuminate/Foundation/Http/Middleware/ValidatePostSize.php(27): Illuminate\\Pipeline\\Pipeline->Illuminate\\Pipeline\\{closure}()
#41 /var/www/vhosts/bjbrothers.com/uat.bjbrothers.com/vendor/laravel/framework/src/Illuminate/Pipeline/Pipeline.php(167): Illuminate\\Foundation\\Http\\Middleware\\ValidatePostSize->handle()
#42 /var/www/vhosts/bjbrothers.com/uat.bjbrothers.com/vendor/laravel/framework/src/Illuminate/Foundation/Http/Middleware/CheckForMaintenanceMode.php(63): Illuminate\\Pipeline\\Pipeline->Illuminate\\Pipeline\\{closure}()
#43 /var/www/vhosts/bjbrothers.com/uat.bjbrothers.com/vendor/laravel/framework/src/Illuminate/Pipeline/Pipeline.php(167): Illuminate\\Foundation\\Http\\Middleware\\CheckForMaintenanceMode->handle()
#44 /var/www/vhosts/bjbrothers.com/uat.bjbrothers.com/vendor/fruitcake/laravel-cors/src/HandleCors.php(38): Illuminate\\Pipeline\\Pipeline->Illuminate\\Pipeline\\{closure}()
#45 /var/www/vhosts/bjbrothers.com/uat.bjbrothers.com/vendor/laravel/framework/src/Illuminate/Pipeline/Pipeline.php(167): Fruitcake\\Cors\\HandleCors->handle()
#46 /var/www/vhosts/bjbrothers.com/uat.bjbrothers.com/vendor/fideloper/proxy/src/TrustProxies.php(57): Illuminate\\Pipeline\\Pipeline->Illuminate\\Pipeline\\{closure}()
#47 /var/www/vhosts/bjbrothers.com/uat.bjbrothers.com/vendor/laravel/framework/src/Illuminate/Pipeline/Pipeline.php(167): Fideloper\\Proxy\\TrustProxies->handle()
#48 /var/www/vhosts/bjbrothers.com/uat.bjbrothers.com/vendor/laravel/framework/src/Illuminate/Pipeline/Pipeline.php(103): Illuminate\\Pipeline\\Pipeline->Illuminate\\Pipeline\\{closure}()
#49 /var/www/vhosts/bjbrothers.com/uat.bjbrothers.com/vendor/laravel/framework/src/Illuminate/Foundation/Http/Kernel.php(140): Illuminate\\Pipeline\\Pipeline->then()
#50 /var/www/vhosts/bjbrothers.com/uat.bjbrothers.com/vendor/laravel/framework/src/Illuminate/Foundation/Http/Kernel.php(109): Illuminate\\Foundation\\Http\\Kernel->sendRequestThroughRouter()
#51 /var/www/vhosts/bjbrothers.com/uat.bjbrothers.com/index.php(52): Illuminate\\Foundation\\Http\\Kernel->handle()
#52 {main}
"} 
